<?xml version="1.0" encoding="UTF-8"?>
<!-- Generated by org.testng.reporters.JUnitReportReporter -->
<testsuite hostname="Shlook" failures="0" tests="3" name="Com.TestNgChallanges.DependsOnMethod" time="0.013" errors="0" timestamp="2023-05-15T03:35:41 EDT" skipped="0">
  <testcase classname="Com.TestNgChallanges.DependsOnMethod" name="getOpenBrowser" time="0.011"/>
  <system-out/>
  <testcase classname="Com.TestNgChallanges.DependsOnMethod" name="getCloseBrowser" time="0.001"/>
  <system-out/>
  <testcase classname="Com.TestNgChallanges.DependsOnMethod" name="getLogIn" time="0.001"/>
  <system-out/>
</testsuite> <!-- Com.TestNgChallanges.DependsOnMethod -->
