<?xml version="1.0" encoding="UTF-8"?>
<!-- Generated by org.testng.reporters.JUnitReportReporter -->
<testsuite hostname="Shlook" failures="0" tests="15" name="Com.TestNgChallanges.SameTestCasesRunMultipleTimes" time="0.019" errors="0" timestamp="2023-05-15T03:09:47 EDT" skipped="0">
  <testcase classname="Com.TestNgChallanges.SameTestCasesRunMultipleTimes" name="getMethod" time="0.000"/>
  <system-out/>
  <testcase classname="Com.TestNgChallanges.SameTestCasesRunMultipleTimes" name="getMethod" time="0.000"/>
  <system-out/>
  <testcase classname="Com.TestNgChallanges.SameTestCasesRunMultipleTimes" name="getMethod" time="0.000"/>
  <system-out/>
  <testcase classname="Com.TestNgChallanges.SameTestCasesRunMultipleTimes" name="getMethod" time="0.011"/>
  <system-out/>
  <testcase classname="Com.TestNgChallanges.SameTestCasesRunMultipleTimes" name="getMethod" time="0.001"/>
  <system-out/>
  <testcase classname="Com.TestNgChallanges.SameTestCasesRunMultipleTimes" name="getMethod" time="0.000"/>
  <system-out/>
  <testcase classname="Com.TestNgChallanges.SameTestCasesRunMultipleTimes" name="getMethod" time="0.001"/>
  <system-out/>
  <testcase classname="Com.TestNgChallanges.SameTestCasesRunMultipleTimes" name="getMethod" time="0.001"/>
  <system-out/>
  <testcase classname="Com.TestNgChallanges.SameTestCasesRunMultipleTimes" name="getMethod" time="0.002"/>
  <system-out/>
  <testcase classname="Com.TestNgChallanges.SameTestCasesRunMultipleTimes" name="getMethod" time="0.000"/>
  <system-out/>
  <testcase classname="Com.TestNgChallanges.SameTestCasesRunMultipleTimes" name="getMethod" time="0.001"/>
  <system-out/>
  <testcase classname="Com.TestNgChallanges.SameTestCasesRunMultipleTimes" name="getMethod" time="0.001"/>
  <system-out/>
  <testcase classname="Com.TestNgChallanges.SameTestCasesRunMultipleTimes" name="getMethod" time="0.000"/>
  <system-out/>
  <testcase classname="Com.TestNgChallanges.SameTestCasesRunMultipleTimes" name="getMethod" time="0.001"/>
  <system-out/>
  <testcase classname="Com.TestNgChallanges.SameTestCasesRunMultipleTimes" name="getMethod" time="0.000"/>
  <system-out/>
</testsuite> <!-- Com.TestNgChallanges.SameTestCasesRunMultipleTimes -->
