<?xml version="1.0" encoding="UTF-8"?>
<!-- Generated by org.testng.reporters.JUnitReportReporter -->
<testsuite hostname="Shlook" failures="0" tests="4" name="Com.TestNgChallanges.ParallalTesting" time="10.070" errors="0" timestamp="2023-05-26T00:39:32 EDT" skipped="0">
  <testcase classname="Com.TestNgChallanges.ParallalTesting" name="RegressionTest" time="2.472"/>
  <system-out/>
  <testcase classname="Com.TestNgChallanges.ParallalTesting" name="FunctionalTest" time="3.009"/>
  <system-out/>
  <testcase classname="Com.TestNgChallanges.ParallalTesting" name="SmokeTest" time="2.451"/>
  <system-out/>
  <testcase classname="Com.TestNgChallanges.ParallalTesting" name="SenatyTest" time="2.138"/>
  <system-out/>
</testsuite> <!-- Com.TestNgChallanges.ParallalTesting -->
