<?xml version="1.0" encoding="UTF-8"?>
<!-- Generated by org.testng.reporters.JUnitReportReporter -->
<testsuite hostname="Shlook" failures="0" tests="1" name="Com.TestNgChallanges.BasicAnnotation" time="0.006" errors="0" timestamp="2023-05-15T02:12:24 EDT" skipped="0">
  <testcase classname="Com.TestNgChallanges.BasicAnnotation" name="getTest" time="0.006"/>
  <system-out/>
</testsuite> <!-- Com.TestNgChallanges.BasicAnnotation -->
