<?xml version="1.0" encoding="UTF-8"?>
<!-- Generated by org.testng.reporters.JUnitReportReporter -->
<testsuite hostname="Shlook" failures="0" tests="3" name="Com.TestNgChallanges.CrossBrowserTesting" time="13.364" errors="0" timestamp="2023-05-25T21:13:15 EDT" skipped="0">
  <testcase classname="Com.TestNgChallanges.CrossBrowserTesting" name="getLogIn" time="3.061"/>
  <system-out/>
  <testcase classname="Com.TestNgChallanges.CrossBrowserTesting" name="getLogIn" time="6.705"/>
  <system-out/>
  <testcase classname="Com.TestNgChallanges.CrossBrowserTesting" name="getLogIn" time="3.598"/>
  <system-out/>
</testsuite> <!-- Com.TestNgChallanges.CrossBrowserTesting -->
