<?xml version="1.0" encoding="UTF-8"?>
<!-- Generated by org.testng.reporters.JUnitReportReporter -->
<testsuite hostname="Shlook" failures="0" tests="4" name="Com.TestNgChallanges.TestDataProvider" time="19.919" errors="0" timestamp="2023-05-26T01:31:04 EDT" skipped="0">
  <testcase classname="Com.TestNgChallanges.TestDataProvider" name="getLogIn" time="4.218"/>
  <system-out/>
  <testcase classname="Com.TestNgChallanges.TestDataProvider" name="getLogIn" time="4.663"/>
  <system-out/>
  <testcase classname="Com.TestNgChallanges.TestDataProvider" name="getLogIn" time="6.067"/>
  <system-out/>
  <testcase classname="Com.TestNgChallanges.TestDataProvider" name="getLogIn" time="4.971"/>
  <system-out/>
</testsuite> <!-- Com.TestNgChallanges.TestDataProvider -->
