<?xml version="1.0" encoding="UTF-8"?>
<!-- Generated by org.testng.reporters.JUnitReportReporter -->
<testsuite hostname="Shlook" failures="0" tests="3" name="smarttech.ny.hooks.FailedTestCases" time="0.013" errors="0" timestamp="2023-05-26T01:54:53 EDT" skipped="0">
  <testcase classname="smarttech.ny.hooks.FailedTestCases" name="getTestOne" time="0.002"/>
  <system-out/>
  <testcase classname="smarttech.ny.hooks.FailedTestCases" name="getTestThree" time="0.001"/>
  <system-out/>
  <testcase classname="smarttech.ny.hooks.FailedTestCases" name="getTestFive" time="0.010"/>
  <system-out/>
</testsuite> <!-- smarttech.ny.hooks.FailedTestCases -->
