<?xml version="1.0" encoding="UTF-8"?>
<!-- Generated by org.testng.reporters.JUnitReportReporter -->
<testsuite hostname="Shlook" failures="0" tests="5" name="Com.TestNgChallanges.EnableTrueFalse" time="0.010" errors="0" timestamp="2023-05-15T02:52:29 EDT" skipped="2">
  <testcase classname="Com.TestNgChallanges.EnableTrueFalse" name="getMethod3" time="0.000"/>
  <system-out/>
  <testcase classname="Com.TestNgChallanges.EnableTrueFalse" name="getMethod5" time="0.000"/>
  <system-out/>
  <testcase classname="Com.TestNgChallanges.EnableTrueFalse" name="getMethod1" time="0.010"/>
  <system-out/>
  <testcase classname="Com.TestNgChallanges.EnableTrueFalse" name="getMethod4">
    <skipped/>
  </testcase> <!-- getMethod4 -->
  <system-out/>
  <testcase classname="Com.TestNgChallanges.EnableTrueFalse" name="getMethod2">
    <skipped/>
  </testcase> <!-- getMethod2 -->
  <system-out/>
</testsuite> <!-- Com.TestNgChallanges.EnableTrueFalse -->
