<?xml version="1.0" encoding="UTF-8"?>
<!-- Generated by org.testng.reporters.JUnitReportReporter -->
<testsuite hostname="Shlook" failures="0" tests="5" name="Com.TestNgChallanges.PriorityTest" time="0.017" errors="0" timestamp="2023-05-15T02:39:56 EDT" skipped="0">
  <testcase classname="Com.TestNgChallanges.PriorityTest" name="getMethod5" time="0.013"/>
  <system-out/>
  <testcase classname="Com.TestNgChallanges.PriorityTest" name="getMethod4" time="0.001"/>
  <system-out/>
  <testcase classname="Com.TestNgChallanges.PriorityTest" name="getMethod3" time="0.001"/>
  <system-out/>
  <testcase classname="Com.TestNgChallanges.PriorityTest" name="getMethod2" time="0.001"/>
  <system-out/>
  <testcase classname="Com.TestNgChallanges.PriorityTest" name="getMethod1" time="0.001"/>
  <system-out/>
</testsuite> <!-- Com.TestNgChallanges.PriorityTest -->
